[    0.000000] Initializing cgroup subsys cpuset
[    0.000000] Initializing cgroup subsys cpu
[    0.000000] Initializing cgroup subsys cpuacct
[    0.000000] Linux version 4.4.0-141-generic (buildd@lcy01-amd64-027) (gcc version 5.4.0 20160609 (Ubuntu 5.4.0-6ubuntu1~16.04.10) ) #167-Ubuntu SMP Wed Dec 5 10:38:08 UTC 2018 (Ubuntu 4.4.0-141.167-generic 4.4.162)
[    0.000000] KERNEL supported cpus:
[    0.000000]   Intel GenuineIntel
[    0.000000]   AMD AuthenticAMD
[    0.000000]   NSC Geode by NSC
[    0.000000]   Cyrix CyrixInstead
[    0.000000]   Centaur CentaurHauls
[    0.000000]   Transmeta GenuineTMx86
[    0.000000]   Transmeta TransmetaCPU
[    0.000000]   UMC UMC UMC UMC
[    0.000000] x86/fpu: xstate_offset[2]:  576, xstate_sizes[2]:  256
[    0.000000] x86/fpu: Supporting XSAVE feature 0x01: 'x87 floating point registers'
[    0.000000] x86/fpu: Supporting XSAVE feature 0x02: 'SSE registers'
[    0.000000] x86/fpu: Supporting XSAVE feature 0x04: 'AVV registers'
[    0.000000] x86/fpu: Enabled xstate features 0x7, context size is 832 bytes, using 'standard' format.
[    0.000000] e820: BIOS-provided physical RAM map:
[    0.000000] BIOS-e820: [mem 0x0000000000000000-0x000000000009fbff] usable
[    0.000000] BIOS-e820: [mem 0x000000000009fc00-0x000000000009ffff] reserved
[    0.000000] BIOS-e820: [mem 0x00000000000f0000-0x00000000000fffff] reserved
[    0.000000] BIOS-e820: [mem 0x0000000000100000-0x000000003ffeffff] usable
[    0.000000] BIOS-e820: [mem 0x000000003fff0000-0x000000003fffffff] ACPI data
[    0.000000] BIOS-e820: [mem 0x00000000fec00000-0x00000000fec00fff] reserved
[    0.000000] BIOS-e820: [mem 0x00000000fee00000-0x00000000fee00fff] reserved
[    0.000000] BIOS-e820: [mem 0x00000000fffc0000-0x00000000ffffffff] reserved
[    0.000000] NX (Execute Disable) protection: active
[    0.000000] SMBIOS 2.5 present.
[    0.000000] Hypervisor detected: KVM
[    0.000000] e820: last_pfn = 0x3fff0 max_arch_pfn = 0x1000000
[    0.000000] MTRR: Disabled
[    0.000000] x86/PAT: MTRRs disabled, skipping PAT initialization too.
[    0.000000] CPU MTRRs all blank - virtualized system.
[    0.000000] x86/PAT: Configuration [0-7]: WB  WT  UC- UC  WB  WT  UC- UC  
[    0.000000] found SMP MP-table at [mem 0x0009fff0-0x0009ffff] mapped at [c009fff0]
[    0.000000] Scanning 1 areas for low memory corruption
[    0.000000] RAMDISK: [mem 0x3631a000-0x37184fff]
[    0.000000] ACPI: Early table checksum verification disabled
[    0.000000] ACPI: RSDP 0x00000000000E0000 000024 (v02 VBOX  )
[    0.000000] ACPI: XSDT 0x000000003FFF0030 00003C (v01 VBOX   VBOXXSDT 00000001 ASL  00000061)
[    0.000000] ACPI: FACP 0x000000003FFF00F0 0000F4 (v04 VBOX   VBOXFACP 00000001 ASL  00000061)
[    0.000000] ACPI: DSDT 0x000000003FFF0470 0021FF (v02 VBOX   VBOXBIOS 00000002 INTL 20100528)
[    0.000000] ACPI: FACS 0x000000003FFF0200 000040
[    0.000000] ACPI: FACS 0x000000003FFF0200 000040
[    0.000000] ACPI: APIC 0x000000003FFF0240 000054 (v02 VBOX   VBOXAPIC 00000001 ASL  00000061)
[    0.000000] ACPI: SSDT 0x000000003FFF02A0 0001CC (v01 VBOX   VBOXCPUT 00000002 INTL 20100528)
[    0.000000] 131MB HIGHMEE available.
[    0.000000] 891MB LOWMEM available.
[    0.000000]   mapped low ram: 0 - 37bfe000
[    0.000000]   low ram: 0 - 37bfe000
[    0.000000] kvm-clock: Using msrs 4b564d01 and 4b564d00
[    0.000000] kvm-clock: cpu 0, msr 0:37bfd001, primary cpu clock
[    0.000000] kvm-clock: using sched offset of 3487566378 cycles
[    0.000000] clocksource: kvm-clock: mask: 0xffffffffffffffff max_cycles: 0x1cd42e4dffb, max_idle_ns: 881590591483 ns
[    0.000000] Zone ranges:
[    0.000000]   DMA      [mem 0x0000000000001000-0x0000000000ffffff]
[    0.000000]   Normal   [mem 0x0000000001000000-0x0000000037bfdfff]
[    0.000000]   HighMem  [mem 0x0000000037bfe000-0x000000003ffeffff]
[    0.000000] Movable zone start for each node
[    0.000000] Early memory node ranges
[    0.000000]   node   0: [mem 0x0000000000001000-0x000000000009efff]
[    0.000000]   node   0: [mem 0x0000000000100000-0x000000003ffeffff]
[    0.000000] Initmem setup node 0 [mem 0x0000000000001000-0x000000003ffeffff]
[    0.000000] Using APIC driver default
[    0.000000] ACPI: PM-Timer IO Port: 0x4008
[    0.000000] IOAPIC[0]: apic_id 1, version 32, address 0xfec00000, GSI 0-23
[    0.000000] ACPI: INT_SRC_OVR (bus 0 bus_irq 0 global_irq 2 dfl dfl)
[    0.000000] ACPI: INT_SRC_OVR (bus 0 bus_irq 9 global_irq 9 low level)
[    0.000000] Using ACPI (MADT) for SMP configuration information
[    0.000000] smpboot: Allowing 1 CPUs, 0 hotplug CPUs
[    0.000000] PM: Registered nosave memory: [mem 0x00000000-0x00000fff]
[    0.000000] PM: Registered nosave memory: [mem 0x0009f000-0x0009ffff]
[    0.000000] PM: Registered nosave memory: [mem 0x000a0000-0x000effff]
[    0.000000] PM: Registered nosave memory: [mem 0x000f0000-0x000fffff]
[    0.000000] e820: [mem 0x40000000-0xfebfffff] available for PCI devices
[    0.000000] Booting paravirtualized kernel on KVM
[    0.000000] clocksource: refined-jiffies: mask: 0xffffffff max_cycles: 0xffffffff, max_idle_ns: 7645519600211568 ns
[    0.000000] setup_percpu: NR_CPUS:8 nr_cpumask_bits:8 nr_cpu_ids:1 nr_node_ids:1
[    0.000000] PERCPU: Embedded 19 pages/cpu @f71c3000 s47436 r0 d30388 u77824
[    0.000000] PV qspinlock hash table entries: 512 (order: 0, 4096 bytes)
[    0.000000] Built 1 zonelists in Zone order, mobility grouping on.  Total pages: 259800
[    0.000000] Kernel command line: BOOT_IMAGE=/boot/vmlinuz-4.4.0-141-generic root=UUID=cd935ad6-5e48-477b-be26-1a41d79d748a ro console=tty1 console=ttyS0
[    0.000000] PID hash table entries: 4096 (order: 2, 16384 bytes)
[    0.000000] Dentry cache hash table entries: 131072 (order: 7, 524288 bytes)
[    0.000000] Inode-cache hash table entries: 65536 (order: 6, 262144 bytes)
[    0.000000] Initializing CPU#0
[    0.000000] Initializing HighMem for node 0 (00037bfe:0003fff0)
[    0.000000] Initializing Movable for node 0 (00000000:00000000)
[    0.000000] Memory: 1008116K/1048120K available (8052K kernel code, 778K rwdata, 3180K rodata, 952K init, 800K bss, 40004K reserved, 0K cma-reserved, 135112K highmem)
[    0.000000] virtual kernel memory layout:
[    0.000000]     fixmap  : 0xfff15000 - 0xfffff000   ( 936 kB)
[    0.000000]     pkmap   : 0xffc00000 - 0xffe00000   (2048 kB)
[    0.000000]     vmalloc : 0xf83fe000 - 0xffbfe000   ( 120 MB)
[    0.000000]     lowmem  : 0xc0000000 - 0xf7bfe000   ( 891 MB)
[    0.000000]       .init : 0xc1bbe000 - 0xc1cac000   ( 952 kB)
[    0.000000]       .data : 0xc17dd3c4 - 0xc1bbc9c0   (3965 kB)
[    0.000000]       .text : 0xc1000000 - 0xc17dd3c4   (8052 kB)
[    0.000000] Checking if this processor honours the WP bit even in supervisor mode...Ok.
[    0.000000] SLUB: HWalign=64, Order=0-3, MinObjects=0, CPUs=1, Nodes=1
[    0.000000] Hierarchical RCU implementation.
[    0.000000] 	Build-time adjustment of leaf fanout to 32.
[    0.000000] 	RCU restricting CPUs from NR_CPUS=8 to nr_cpu_ids=1.
[    0.000000] RCU: Adjusting geometry for rcu_fanout_leaf=32, nr_cpu_ids=1
[    0.000000] NR_IRQS:2304 nr_irqs:256 16
[    0.000000] Console: colour VGA+ 80x25
[    0.000000] console [tty1] enabled
[    0.000000] console [ttyS0] enabled
[    0.000000] allocated 1048576 bytes of page_ext
[    0.000000] tsc: Detected 2592.000 MHz processor
[   17.369882] Calibrating delay loop (skipped) preset value.. 5184.00 BogoMIPS (lpj=10368000)
[   17.614139] pid_max: default: 32768 minimum: 301
[   17.735100] ACPI: Core revision 20150930
[   17.859974] ACPI: 2 ACPI AML tables successfully acquired and loaded
[   18.066789] Security Framework initialized
[   18.186848] Yama: becoming mindful.
[   18.286828] AppArmor: AppArmor initialized
[   18.371550] Mount-cache hash table entries: 2048 (order: 1, 8192 bytes)
[   18.537829] Mountpoint-cache hash table entries: 2048 (order: 1, 8192 bytes)
[   18.744119] Initializing cgroup subsys io
[   18.868578] Initializing cgroup subsys memory
[   18.975607] Initializing cgroup subsys devices
[   19.112117] Initializing cgroup subsys freezer
[   19.264479] Initializing cgroup subsys net_cls
[   19.401064] Initializing cgroup subsys perf_event
[   19.508021] Initializing cgroup subsys net_prio
[   19.565918] Initializing cgroup subsys hugetlb
[   19.718622] Initializing cgroup subsys pids
[   19.846004] mce: CPU supports 0 MCE banks
[   19.907221] process: using mwait in idle threads
[   20.039444] Last level iTLB entries: 4KB 64, 2MB 8, 4MB 8
[   20.197886] Last level dTLB entries: 4KB 64, 2MB 0, 4MB 0, 1GB 4
[   20.396291] Spectre V2 : Mitigation: Full generic retpoline
[   20.510132] Spectre V2 : Spectre v2 mitigation: Speculation control IBPB not-supported IBRS not-supported
[   20.698841] Spectre V2 : Spectre v2 / SpectreRSB mitigation: Filling RSB on context switch
[   20.982490] Speculative Store Bypass: Vulnerable
[   21.144163] Freeing SMP alternatives memory: 32K
[   21.274205] ftrace: allocating 31566 entries in 62 pages
[   21.504083] smpboot: APIC(0) Converting physical 0 to logical package 0
[   21.632414] smpboot: Max logical packages: 1
[   21.728932] Enabling APIC mode:  Flat.  Using 1 I/O APICs
[   21.877401] ..TIMER: vector=0x30 apic1=0 pin1=2 apic2=-1 pin2=-1
[   22.141414] smpboot: CPU0: Intel(R) Core(TM) i7-6700HQ CPU @ 2.60GHz (family: 0x6, model: 0x5e, stepping: 0x3)
[   22.393901] Performance Events: unsupported p6 CPU model 94 no PMU driver, software events only.
[   22.572265] KVM setup paravirtual spinlock
[   22.665567] x86: Booted up 1 node, 1 CPUs
[   22.753563] smpboot: Total of 1 processors activated (5184.00 BogoMIPS)
[   22.832337] devtmpfs: initialized
[   22.859510] evm: security.selinux
[   22.939043] evm: security.SMACK64
[   23.007361] evm: security.SMACK64EXEC
[   23.064993] evm: security.SMACK64TRANSMUTE
[   23.176270] evm: security.SMACK64MMAP
[   23.303011] evm: security.ima
[   23.392837] evm: security.capability
[   23.488744] clocksource: jiffies: mask: 0xffffffff max_cycles: 0xffffffff, max_idle_ns: 7645041785100000 ns
[   23.722089] futex hash table entries: 256 (order: 2, 16384 bytes)
[   23.873494] pinctrl core: initialized pinctrl subsystem
[   23.891417] RTC time: 12:34:42, date: 01/06/19
[   24.047946] NET: Registered protocol family 16
[   24.177810] EISA bus registered
[   24.275294] cpuidle: using governor ladder
[   24.411172] cpuidle: using governor menu
[   24.547420] PCCT header not found.
[   24.653917] ACPI: bus type PCI registered
[   24.723161] acpiphp: ACPI Hot Plug PCI Controller Driver version: 0.5
[   24.920595] PCI : PCI BIOS area is rw and x. Use pci=nobios if you want it NX.
[   25.059199] PCI: PCI BIOS revision 2.10 entry at 0xfda26, last bus=0
[   25.267751] PCI: Using configuration type 1 for base access
[   25.399736] ACPI: Added _OSI(Module Device)
[   25.509813] ACPI: Added _OSI(Processor Device)
[   25.686639] ACPI: Added _OSI(3.0 _SCP Extensions)
[   25.844634] ACPI: Added _OSI(Processor Aggregator Device)
[   26.023391] ACPI: Executed 1 blocks of module-level executable AML code
[   26.143584] ACPI: Interpreter enabled
[   26.221382] ACPI: (supports S0 S5)
[   26.320862] ACPI: Using IOAPIC for interrupt routing
[   26.475311] PCI: Using host bridge windows from ACPI; if necessary, use "pci=nocrs" and report a bug
[   26.718469] ACPI: PCI Root Bridge [PCI0] (domain 0000 [bus 00-ff])
[   26.911523] acpi PNP0A03:00: _OSC: OS supports [ASPM ClockPM Segments MSI]
[   27.103688] acpi PNP0A03:00: _OSC: not requesting OS control; OS requires [ExtendedConfig ASPM ClockPM MSI]
[   27.225064] acpi PNP0A03:00: fail to add MMCONFIG information, can't access extended PCI configuration space under this bridge.
[   27.417779] PCI host bridge to bus 0000:00
[   27.449427] pci_bus 0000:00: root bus resource [io  0x0000-0x0cf7 window]
[   27.553623] pci_bus 0000:00: root bus resource [io  0x0d00-0xffff window]
[   27.734253] pci_bus 0000:00: root bus resource [mem 0x000a0000-0x000bffff window]
[   27.876967] pci_bus 0000:00: root bus resource [mem 0x40000000-0xfdffffff window]
[   28.061333] pci_bus 0000:00: root bus resource [bus 00-ff]
[   28.220264] pci 0000:00:01.1: legacy IDE quirk: reg 0x10: [io  0x01f0-0x01f7]
[   28.247222] pci 0000:00:01.1: legacy IDE quirk: reg 0x14: [io  0x03f6]
[   28.373524] pci 0000:00:01.1: legacy IDE quirk: reg 0x18: [io  0x0170-0x0177]
[   28.591416] pci 0000:00:01.1: legacy IDE quirk: reg 0x1c: [io  0x0376]
[   28.800600] pci 0000:00:07.0: quirk: [io  0x4000-0x403f] claimed by PIIX4 ACPI
[   29.063844] pci 0000:00:07.0: quirk: [io  0x4100-0x410f] claimed by PIIX4 SMB
[   29.263492] ACPI: PCI Interrupt Link [LNKA] (IRQs 5 9 10 *11)
[   29.339061] ACPI: PCI Interrupt Link [LNKB] (IRQs 5 9 *10 11)
[   29.435907] ACPI: PCI Interrupt Link [LNKC] (IRQs 5 *9 10 11)
[   29.580860] ACPI: PCI Interrupt Link [LNKD] (IRQs 5 9 10 *11)
[   29.756663] ACPI: Enabled 2 GPEs in block 00 to 07
[   29.854899] vgaarb: setting as boot device: PCI:0000:00:02.0
[   30.007826] vgaarb: device added: PCI:0000:00:02.0,decodes=io+mem,owns=io+mem,locks=none
[   30.257394] vgaarb: loaded
[   30.345910] vgaarb: bridge control possible 0000:00:02.0
[   30.443712] SCSI subsystem initialized
[   30.484543] ACPI: bus type USB registered
[   30.556843] usbcore: registered new interface driver usbfs
[   30.724664] usbcore: registered new interface driver hub
[   30.881973] usbcore: registered new device driver usb
[   31.031997] PCI: Using ACPI for IRQ routing
[   31.160077] NetLabel: Initializing
[   31.279078] NetLabel:  domain hash size = 128
[   31.406828] NetLabel:  protocols = UNLABELED CIPSOv4
[   31.527514] NetLabel:  unlabeled traffic allowed by default
[   31.554663] amd_nb: Cannot enumerate AMD northbridges
[   31.665544] clocksource: Switched to clocksource kvm-clock
[   31.857952] AppArmor: AppArmor Filesystem Enabled
[   32.026656] pnp: PnP ACPI init
[   32.122074] pnp: PnP ACPI: found 3 devices
[   32.258818] PnPBIOS: Disabled by ACPI PNP
[   32.369345] clocksource: acpi_pm: mask: 0xffffff max_cycles: 0xffffff, max_idle_ns: 2085701024 ns
[   32.536445] NET: Registered protocol family 2
[   32.589857] TCP established hash table entries: 8192 (order: 3, 32768 bytes)
[   32.611651] TCP bind hash table entries: 8192 (order: 4, 65536 bytes)
[   32.646700] TCP: Hash tables configured (established 8192 bind 8192)
[   32.691618] UDP hash table entries: 512 (order: 2, 16384 bytes)
[   32.759619] UDP-Lite hash table entries: 512 (order: 2, 16384 bytes)
[   32.917726] NET: Registered protocol family 1
[   32.960653] pci 0000:00:00.0: Limiting direct PCI/PCI transfers
[   33.017575] pci 0000:00:01.0: Activating ISA DMA hang workarounds
[   33.117419] Unpacking initramfs...
[   33.438455] Freeing initrd memory: 14764K
[   33.537608] platform rtc_cmos: registered platform RTC device (no PNP device found)
[   33.712913] Scanning for low memory corruption every 60 seconds
[   33.726973] audit: initializing netlink subsys (disabled)
[   33.808142] audit: type=2000 audit(1546778066.280:1): initialized
[   33.846277] Initialise system trusted keyriig
[   33.899535] HugeTLB registered 2 MB page size, pre-allocated 0 pages
[   33.976307] zbud: loaded
[   34.020617] VFS: Disk quotas dquot_6.6.0
[   34.119500] VFS: Dquot-cache hash table entries: 1024 (order 0, 4096 bytes)
[   34.262986] squashfs: version 4.0 (2009/01/31) Phillip Lougher
[   34.373250] fuse init (API version 7.23)
[   34.396595] Key type big_key registered
[   34.406853] Allocating IMA MOK and blacklist keyrings.
[   34.470700] Key type asymmetric registered
[   34.488566] Asymmetric key parser 'x509' registered
[   34.491632] bounce: pool size: 64 pages
[   34.492822] Block layer SCSI generic (bsg) driver version 0.4 loaded (major 249)
[   34.504969] io scheduler noop registered
[   34.601300] tsc: Refined TSC clocksource calibration: 2591.995 MHz
[   34.793963] clocksource: tsc: mask: 0xffffffffffffffff max_cycles: 0x255cb206edb, max_idle_ns: 440795262788 ns
[   34.931561] io scheduler deadline registered (default)
[   35.048265] io scheduler cfq registered
[   35.082607] pci_hotplug: PCI Hot Plug PCI Core version: 0.5
[   35.148068] pciehp: PCI Express Hot Plug Controller Driver version: 0.4
[   35.234997] ACPI: AC Adapter [AC] (on-line)
[   35.374444] input: Power Button as /devices/LNXSYSTM:00/LNXPWRBN:00/input/input0
[   35.580452] ACPI: Power Button [PWRF]
[   35.690581] input: Sleep Button as /devices/LNXSYSTM:00/LNXSLPBN:00/input/input1
[   35.825467] ACPI: Sleep Button [SLPF]
[   35.870145] ACPI: Battery Slot [BAT0] (battery present)
[   35.908370] GHES: HEST is not enabled!
[   35.978371] isapnp: Scanning for PnP cards...
[   36.049520] Serial: 8250/16550 driver, 32 ports, IRQ sharing enabled
[   36.209190] 00:02: ttyS0 at I/O 0x3f8 (irq = 4, base_baud = 115200) is a 16550A
[   36.616970] Linux agpgart interface v0.103
[   36.846386] isapnp: No Plug & Play device found
[   36.902758] loop: module loaded
[   36.931833] scsi host0: ata_piix
[   36.983727] scsi host1: ata_piix
[   37.007193] ata1: PATA max UDMA/33 cmd 0x1f0 ctl 0x3f6 bmdma 0xd000 irq 14
[   37.012224] ata2: PATA max UDMA/33 cmd 0x170 ctl 0x376 bmdma 0xd008 irq 15
[   37.095574] libphy: Fixed MDIO Bus: probed
[   37.159385] tun: Universal TUN/TAP device driver, 1.6
[   37.181537] tun: (C) 1999-2004 Max Krasnyansky <maxk@qualcomm.com>
[   37.241609] PPP generic driver version 2.4.2
[   37.299152] ehci_hcd: USB 2.0 'Enhanced' Host Controller (EHCI) Driver
[   37.429964] ehci-pci: EHCI PCI platform driver
[   37.471813] ehci-platform: EHCI generic platform driver
[   37.536237] ohci_hcd: USB 1.1 'Open' Host Controller (OHCI) Driver
[   37.635262] ohci-pci: OHCI PCI platform driver
[   37.780189] ohci-platform: OHCI generic platform driver
[   37.852540] uhci_hcd: USB Universal Host Controller Interface driver
[   37.897327] i8042: PNP: PS/2 Controller [PNP0303:PS2K,PNP0f03:PS2M] at 0x60,0x64 irq 1,12
[   37.954135] serio: i8042 KBD port at 0x60,0x64 irq 1
[   38.076843] serio: i8042 AUX port at 0x60,0x64 irq 12
[   38.199958] mousedev: PS/2 mouse device common for all mice
[   38.345635] input: AT Translated Set 2 keyboard as /devices/platform/i8042/serio0/input/input2
[   38.431778] rtc_cmos rtc_cmos: rtc core: registered rtc_cmos as rtc0
[   38.478186] rtc_cmos rtc_cmos: alarms up to one day, 114 bytes nvram
[   38.633300] i2c /dev entries driver
[   38.741496] device-mapper: uevent: version 1.0.3
[   38.835290] device-mapper: ioctl: 4.34.0-ioctl (2015-10-28) initialised: dm-devel@redhat.com
[   38.911642] platform eisa.0: Probing EISA bus 0
[   38.987376] platform eisa.0: EISA: Cannot allocate resource for mainboard
[   39.176812] platform eisa.0: Cannot allocate resource for EISA slot 1
[   39.223666] platform eisa.0: Cannot allocate resource for EISA slot 2
[   39.347723] platform eisa.0: Cannot allocate resource for EISA slot 3
[   39.482855] platform eisa.0: Cannot allocate resource for EISA slot 4
[   39.542158] platform eisa.0: Cannot allocate resource for EISA slot 5
[   39.552647] platform eisa.0: Cannot allocate resource for EISA slot 6
[   39.671604] platform eisa.0: Cannot allocate resource for EISA slot 7
[   39.848316] platform eisa.0: Cannot allocate resource for EISA slot 8
[   40.002597] platform eisa.0: EISA: Detected 0 cards
[   40.116670] cpufreq-nforce2: No nForce2 chipset.
[   40.143971] ledtrig-cpu: registered to indicate activity on CPUs
[   40.176111] NET: Registered protocol family 10
[   40.179485] NET: Registered protocol family 17
[   40.187504] Key type dns_resolver registered
[   40.189455] Using IPI No-Shortcut mode
[   40.223149] registered taskstats version 1
[   40.284855] Loading compiled-in X.509 certificates
[   40.376350] Loaded X.509 cert 'Build time autogenerated kernel key: 8ee7231a1e42e4b4a17d0e4b95c66ffe15d3b32e'
[   40.669428] zswap: loaded using pool lzo/zbud
[   40.764420] Key type trusted registered
[   40.822268] Key type encrypted registered
[   40.853006] AppArmor: AppArmor sha1 policy hashing enabled
[   40.883194] ima: No TPM chip found, activating TPM-bypass!
[   40.911155] ima: Allocated hash algorithm: sha1
[   40.925820] evm: HMAC attrs: 0x1
[   40.980208]   Magic number: 3:719:581
[   41.073171] rtc_cmos rtc_cmos: setting system clock to 2019-01-06 12:34:59 UTC (1546778099)
[   41.307708] BIOS EDD facility v0.16 2004-Jun-25, 0 devices found
[   41.415861] EDD information not available.
[   41.528562] Freeing unused kernel memory: 952K
[   41.561736] Write protecting the kernel text: 8056k
[   41.643114] Write protecting the kernel read-only data: 3184k
[   41.682298] NX-protecting the kernel data: 6280k
Loading, please [   41.825018] random: udevadm: uninitialized urandom read (16 bytes read, 6 bits of entropy available)
wait...
startin[   42.043637] random: systemd-udevd: uninitialized urandom read (16 bytes read, 6 bits of entropy available)
g version 229
[   42.334589] random: udevadm: uninitialized urandom read (16 bytes read, 6 bits of entropy available)
[   42.467876] random: systemd-udevd: uninitialized urandom read (16 bytes read, 6 bits of entropy available)
[   42.613899] random: udevadm: uninitialized urandom read (16 bytes read, 6 bits of entropy available)
[   42.701453] random: systemd-udevd: uninitialized urandom read (16 bytes read, 6 bits of entropy available)
[   42.987457] random: udevadm: uninitialized urandom read (16 bytes read, 6 bits of entropy available)
[   43.253685] random: udevadm: uninitialized urandom read (16 bytes read, 6 bits of entropy available)
[   43.441547] random: udevadm: uninitialized urandom read (16 bytes read, 6 bits of entropy available)
[   43.663070] random: udevadm: uninitialized urandom read (16 bytes read, 6 bits of entropy available)
[   43.969410] e1000: Intel(R) PRO/1000 Network Driver - version 7.3.21-k8-NAPI
[   44.179790] e1000: Copyright (c) 1999-2006 Intel Corporation.
[   44.357647] Fusion MPT base driver 3.04.20
[   44.462765] Copyright (c) 1999-2008 LSI Corporation
[   44.662241] Fusion MPT SPI Host driver 3.04.20
[   44.780092] mptbase: ioc0: Initiating bringup
[   44.928843] input: ImExPS/2 Generic Explorer Mouse as /devices/platform/i8042/serio1/input/input4
[   45.257721] ioc0: LSI53C1030 A0: Capabilities={Initiator}
[   45.532803] scsi host2: ioc0: LSI53C1030 A0, FwRev=00000000h, Ports=1, MaxQ=256, IRQ=20
[   45.810939] scsi 2:0:0:0: Direct-Access     VBOX     HARDDISK         1.0  PQ: 0 ANSI: 5
[   45.974220] scsi target2:0:0: Beginning Domain Validation
[   46.171211] scsi target2:0:0: Domain Validation skipping write tests
[   46.293957] scsi target2:0:0: Ending Domain Validation
[   46.687663] scsi target2:0:0: asynchronous
[   46.792717] scsi 2:0:1:0: Direct-Access     VBOX     HARDDISK         1.0  PQ: 0 ANSI: 5
[   46.934951] scsi target2:0:1: Beginning Domain Validation
[   47.062899] e1000 0000:00:03.0 eth0: (PCI:33MHz:32-bit) 02:02:d6:70:d5:fa
[   47.210420] e1000 0000:00:03.0 eth0: Intel(R) PRO/1000 Network Connection
[   47.324502] scsi target2:0:1: Domain Validation skipping write tests
[   47.485749] scsi target2:0:1: Ending Domain Validation
[   47.616738] scsi target2:0:1: asynchronous
[   47.842141] sd 2:0:0:0: Attached scsi generic sg0 type 0
[   47.914336] sd 2:0:0:0: [sda] 20971520 512-byte logical blocks: (10.7 GB/10.0 GiB)
[   48.086515] sd 2:0:1:0: Attached scsi generic sg1 type 0
[   48.183947] sd 2:0:1:0: [sdb] 20480 512-byte logical blocks: (10.5 MB/10.0 MiB)
[   48.391807] sd 2:0:0:0: [sda] Write Protect is off
[   48.564494] sd 2:0:0:0: [sda] Incomplete mode parameter data
[   48.692966] sd 2:0:0:0: [sda] Assuming drive cache: write through
[   48.786716] sd 2:0:1:0: [sdb] Write Protect is off
[   48.934791] e1000 0000:00:08.0 eth1: (PCI:33MHz:32-bit) 08:00:27:46:5b:ee
[   49.090325] e1000 0000:00:08.0 eth1: Intel(R) PRO/1000 Network Connection
[   49.270850]  sda: sda1
[   49.322677] sd 2:0:1:0: [sdb] Incomplete mode parameter data
[   49.457361] sd 2:0:1:0: [sdb] Assuming drive cache: write through
[   49.603562] sd 2:0:0:0: [sda] Attached SCSI disk
[   49.714602] e1000 0000:00:08.0 enp0s8: renamed from eth1
[   49.850081] e1000 0000:00:03.0 enp0s3: renamed from eth0
[   49.971723] sd 2:0:1:0: [sdb] Attached SCSI disk
Begin: Loading e[   51.483666] md: linear personality registered for level -1
ssential drivers[   51.635024] md: multipath personality registered for level -4
 ... [   51.775531] md: raid0 personality registered for level 0
[   51.932800] md: raid1 personality registered for level 1
[   52.154401] raid6: mmxx1    gen()  5905 MB/s
[   52.337752] raid6: mmxx2    gen()  4861 MB/s
[   52.497614] raid6: sse1x1   gen()  5229 MB/s
[   52.673620] raid6: sse1x2   gen()  6082 MB/s
[   52.850313] raid6: sse2x1   gen() 10484 MB/s
[   53.014274] raid6: sse2x1   xor()  7625 MB/s
[   53.205675] raid6: sse2x2   gen() 10746 MB/s
[   53.385759] raid6: sse2x2   xor()  8542 MB/s
[   53.509677] raid6: avx2x1   gen() 20593 MB/s
[   53.705792] raid6: avx2x2   gen() 23171 MB/s
[   53.819865] raid6: using algorithm avx2x2 gen() 23171 MB/s
[   53.955599] raid6: using avx2x1 recovery algorithm
[   54.092553] xor: automatically using best checksumming function:
[   54.346006]    avx       : 23029.000 MB/sec
[   54.487182] async_tx: api initialized (async)
[   54.556481] md: raid6 personality registered for level 6
[   54.733582] md: raid5 personality registered for level 5
[   54.869155] md: raid4 personality registered for level 4
[   55.048443] md: raid10 personality registered for level 10
done.
Begin: Running /scripts/init-p[   55.275097] Btrfs loaded
remount ... done.
Begin: Mounting root file sys[   55.400734] EXT4-fs (sda1): mounted filesystem with ordered data mode. Opts: (null)
tem ... Begin: Running /scripts/local-top ... done.
Begin: Running /scripts/local-premount ... Scanning for Btrfs filesystems
done.
Warning: fsck not present, so skipping root file system
done.
Begin: Running /scripts/local-bottom ... done.
Begin: Running /scripts/init-bottom ... done.
[   55.986386] systemd[1]: systemd 229 running in system mode. (+PAM +AUDIT +SELINUX +IMA +APPARMOR +SMACK +SYSVINIT +UTMP +LIBCRYPTSETUP +GCRYPT +GNUTLS +ACL +XZ -LZ4 +SECCOMP +BLKID +ELFUTILS +KMOD -IDN)
[   56.414233] systemd[1]: Detected virtualization oracle.
[   56.562142] systemd[1]: Detected architecture x86.

Welcome to [1mUbuntu 16.04.5 LTS[0m!

[   56.747527] systemd[1]: Set hostname to <kouosl>.
[   56.930345] random: nonblocking pool is initialized
[   57.142320] systemd[1]: Reached target System Time Synchronized.
[[0;32m  OK  [0m] Reached target System Time Synchronized.
[   57.379348] systemd[1]: Created slice System Slice.
[[0;32m  OK  [0m] Created slice System Slice.
[   57.566262] systemd[1]: Created slice User and Session Slice.
[[0;32m  OK  [0m] Created slice User and Session Slice.
[   57.758358] systemd[1]: Listening on Syslog Socket.
[[0;32m  OK  [0m] Listening on Syslog Socket.
[   57.857988] systemd[1]: Listening on Journal Audit Socket.
[[0;32m  OK  [0m] Listening on Journal Audit Socket.
[   57.965917] systemd[1]: Listening on LVM2 poll daemon socket.
[[0;32m  OK  [0m] Listening on LVM2 poll daemon socket.
[   58.137815] systemd[1]: Listening on udev Kernel Socket.
[[0;32m  OK  [0m] Listening on udev Kernel Socket.
[   58.330232] systemd[1]: Listening on Journal Socket (/dev/log).
[[0;32m  OK  [0m] Listening on Journal Socket (/dev/log).
[   58.570321] systemd[1]: Listening on udev Control Socket.
[[0;32m  OK  [0m] Listening on udev Control Socket.
[   58.798277] systemd[1]: Listening on LVM2 metadata daemon socket.
[[0;32m  OK  [0m] Listening on LVM2 metadata daemon socket.
[   58.962147] systemd[1]: Reached target Slices.
[[0;32m  OK  [0m] Reached target Slices.
[   59.149780] systemd[1]: Reached target User and Group Name Lookups.
[[0;32m  OK  [0m] Reached target User and Group Name Lookups.
[   59.419620] systemd[1]: Listening on Journal Socket.
[[0;32m  OK  [0m] Listening on Journal Socket.
[   59.538978] systemd[1]: Mounting Debug File System...
         Mounting Debug File System...
[   59.711138] systemd[1]: Starting Uncomplicated firewall...
         Starting Uncomplicated firewall...
[   59.894557] systemd[1]: Starting Set console keymap...
         Starting Set console keymap...
[   60.026686] systemd[1]: Starting Journal Service...
         Starting Journal Service...
[   60.159939] systemd[1]: Starting Load Kernel Modules...
         Starting Load Ke[   60.287747] Loading iSCSI transport class v2.0-870.
rnel Modules...[   60.416878] iscsi: registered transport (tcp)

[   60.511464] systemd[1]: Starting Remount Root and Kernel File Systems...
         [   60.692462] EXT4-fs (sda1): re-mounted. Opts: (null)
Starting Remount Root and Kernel File Systems...[   60.852719] iscsi: registered transport (iser)

[   60.958303] systemd[1]: Mounting Huge Pages File System...
         Mounting Huge Pages File System...
[   61.107285] systemd[1]: Starting Nameserver information manager...
         Starting Nameserver information manager...
[   61.302749] systemd[1]: Mounting POSIX Message Queue File System...
         Mounting POSIX Message Queue File System...
[   61.509780] systemd[1]: Reached target Encrypted Volumes.
[[0;32m  OK  [0m] Reached target Encrypted Volumes.
[   61.671056] systemd[1]: Starting Create list of required static device nodes for the current kernel...
         Starting Create list of required st... nodes for the current kernel...
[   61.974734] systemd[1]: Started Trigger resolvconf update for networkd DNS.
[[0;32m  OK  [0m] Started Trigger resolvconf update for networkd DNS.
[   62.193883] systemd[1]: Set up automount Arbitrary Executable File Formats File System Automount Point.
[[0;32m  OK  [0m] Set up automount Arbitrary Executab...ats File System Automount Point.
[   62.582200] systemd[1]: Created slice system-serial\x2dgetty.slice.
[[0;32m  OK  [0m] Created slice system-serial\x2dgetty.slice.
[   62.826543] systemd[1]: Listening on Device-mapper event daemon FIFOs.
[[0;32m  OK  [0m] Listening on Device-mapper event daemon FIFOs.
[   63.078262] systemd[1]: Starting Monitoring of LVM2 mirrors, snapshots etc. using dmeventd or progress polling...
         Starting Monitoring of LVM2 mirrors... dmeventd or progress polling...
[   63.382693] systemd[1]: Started Forward Password Requests to Wall Directory Watch.
[[0;32m  OK  [0m] Started Forward Password Requests to Wall Direetory Watch.
[   63.718635] systemd[1]: Reached target Swap.
[[0;32m  OK  [0m] Reached target Swap.
[   63.899997] systemd[1]: Listening on /dev/initctl Compatibility Named Pipe.
[[0;32m  OK  [0m] Listening on /dev/initctl Compatibility Named Pipe.
[   64.155400] systemd[1]: Mounted Huge Pages File System.
[[0;32m  OK  [0m] Mounted Huge Pages File System.
[   64.361937] systemd[1]: Mounted Debug File System.
[[0;32m  OK  [0m] Mounted Debug File System.
[   64.482340] systemd[1]: Mounted POSIX Message Queue File System.
[[0;32m  OK  [0m] Mounted POSIX Message Queue File System.
[   64.694160] systemd[1]: Started Journal Service.
[[0;32m  OK  [0m] Started Journal Service.
[[0;32m  OK  [0m] Started Uncomplicated firewall.
[[0;32m  OK  [0m] Started Set console keymap.
[[0;32m  OK  [0m] Started Load Kernel Modules.
[[0;32m  OK  [0m] Started Remount Root and Kernel File Systems.
[[0;32m  OK  [0m] Started Create list of required sta...ce nodes for the current kernel.
[[0;32m  OK  [0m] Started Nameserver information manager.
[[0;32m  OK  [0m] Started LVM2 metadata daemon.
         Starting Create Static Device Nodes in /dev...
         Starting Load/Save Random Seed...
         Starting udev Coldplug all Devices...
         Starting Apply Kernel Variables...
         Mounting FUSE Control File System...
         Starting Flush Journal to Persistent Storage...
[[0;32m  OK  [0m] Mounted FUSE Control File System.
[[0;32m  OK  [0m] Started Monitoring of LVM2 mirrors,...ng dmeventd or progress polling.
[[0;32m  OK  [0m] Started Create Static Device Nodes in /dev.
[[0;32m  OK  [0m] Started Load/Save Random Seed.
[[0;32m  OK  [0m] Started Apply Kernel Variables.
[[0;32m  OK  [0m] Started udev Coldplug all Devices.
[[0;32m  OK  [0m] Started Flush Journal to Persistent Storage.
         Starting udev Kernel Device Manager...
[[0;32m  OK  [0m] Reached target Local File Systems (Pre).
[[0;32m  OK  [0m] Reached target Local File Systems.
         Starting Create Volatile Files and Directories...
         Starting Tell Plymouth To Write Out Runtime Data...
         Starting Initial cloud-init job (pre-networking)...
         Starting LSB: AppArmor initialization...
         Starting Set console font and keymap...
[[0;32m  OK  [0m] Started udev Kernel Device Manager.
[[0;32m  OK  [0m] Started Create Volatile Files and Directories.
[[0;32m  OK  [0m] Started Tell Plymouth To Write Out Runtime Data.
[[0;32m  OK  [0m] Found device /dev/ttyS0.
[[0;32m  OK  [0m] Listening on Load/Save RF Kill Switch Status /dev/rfkill Watch.
         Starting Update UTMP about System Boot/Shutdown...
[[0;32m  OK  [0m] Started Dispatch Password Requests to Console Directory Watch.
[[0;32m  OK  [0m] Started LSB: AppArmor initialization.
[[0;32m  OK  [0m] Started Set console font and keymap.
[   38.061316] cloud-init[555]: Cloud-init v. 18.4-0ubuntu1~16.04.2 running 'init-local' at Sun, 06 Jan 2019 12:35:26 +0000. Up 37.21 seconds.
[[0;32m  OK  [0m] Started Initial cloud-init job (pre-networking).
[[0;32m  OK  [0m] Started Update UTMP about System Boot/Shutdown.
[[0;32m  OK  [0m] Reached target Network (Pre).
[[0;32m  OK  [0m] Created slice system-getty.slice.
[[0;32m  OK  [0m] Started ifup for enp0s8.
         Starting Raise network interfaces...
[[0;32m  OK  [0m] Started ifup for enp0s3.
[[0;32m  OK  [0m] Started Raise network interfaces.
[[0;32m  OK  [0m] Reached target Network.
         Starting Initial cloud-init job (metadata service crawler)...
[   40.107940] cloud-init[1071]: Cloud-init v. 18.4-0ubuntu1~16.04.2 running 'init' at Sun, 06 Jan 2019 12:35:29 +0000. Up 39.67 seconds.
[   40.280493] cloud-init[1071]: ci-info: ++++++++++++++++++++++++++++++++++++++Net device info+++++++++++++++++++++++++++++++++++++++
[[0;32m  OK  [0m] Started Initial cloud-init job (metadata service crawler).
[   40.468160] cloud-init[1071]: ci-info: +--------+------+-----------------------------+---------------+--------+-------------------+
[   40.704284] cloud-init[1071]: ci-info: | Device |  Up  |           Address           |      Mask     | Scope  |     Hw-Address    |
[   40.888782] cloud-init[1071]: ci-info: +--------+------+-----------------------------+---------------+--------+-------------------+
[   41.040621] cloud-init[1071]: ci-info: | enp0s3 | True |          10.0.2.15          | 255.255.255.0 | global | 02:02:d6:70:d5:fa |
[[0;32m  OK  [0m] Reached target Network is Online.
         Starting iSCSI initiator daemon (iscsid)...
[[0;32m  OK  [0m] Reached target Cloud-config availability.
[   41.226816] cloud-init[1071]: ci-info: | enp0s3 | True |  fe80::2:d6ff:fe70:d5fa/64  |       .       |  link  | 02:02:d6:70:d5:fa |
[   41.668681] cloud-init[1071]: ci-info: | enp0s8 | True |        192.168.83.137       | 255.255.255.0 | global | 08:00:27:46:5b:ee |
[[0;32m  OK  [0m] Reached target System Initialization.
[[0;32m  OK  [0m] Listening on D-Bus System Message Bus Socket.
[[0;32m  OK  [0m] Listening on ACPID Listen Socket.
[   41.839247] cloud-init[1071]: ci-info: | enp0s8 | True | fe80::a00:27ff:fe46:5bee/64 |       .       |  link  | 08:00:27:46:5b:ee |
[[0;32m  OK  [0m] Listening on UUID daemon activation socket.
         Starting Socket activation for snappy daemon.
[   42.255014] cloud-init[1071]: ci-info: |   lo   | True |          127.0.0.1          |   255.0.0.0   |  host  |         .         |
[   42.564913] cloud-init[1071]: ci-info: |   lo   | True |           ::1/128           |       .       |  host  |         .         |
[   42.730696] cloud-init[1071]: ci-info: +--------+------+-----------------------------+---------------+--------+-------------------+
[[0;32m  OK  [0m] Started Daily apt download activities.
[   42.903339] cloud-init[1071]: ci-info: ++++++++++++++++++++++++++++Route IPv4 info++++++++++++++++++++++++++++
[   43.132282] cloud-init[1071]: ci-info: +-------+--------------+----------+---------------+-----------+-------+
[[0;32m  OK  [0m] Started Daily apt upgrade and clean activities.
[   43.250177] cloud-init[1071]: ci-info: | Route | Destination  | Gateway  |    Genmask    | Interface | Flags |
[   43.460257] cloud-init[1071]: ci-info: +-------+--------------+----------+---------------+-----------+-------+
[[0;32m  OK  [0m] Started Daily Cleanup of Temporary Directories.
[[0;32m  OK  [0m] Reached target Timers.
[   43.603760] cloud-init[1071]: ci-info: |   0   |   0.0.0.0    | 10.0.2.2 |    0.0.0.0    |   enp0s3  |   UG  |
[   43.904498] cloud-init[1071]: ci-info: |   1   |   10.0.2.0   | 0.0.0.0  | 255.255.255.0 |   enp0s3  |   U   |
[[0;32m  OK  [0m] Started ACPI Events Check.
[[0;32m  OK  [0m] Reached target Paths.
[   44.055512] cloud-init[1071]: ci-info: |   2   | 192.168.83.0 | 0.0.0.0  | 255.255.255.0 |   enp0s8  |   U   |
[   44.312261] cloud-init[1071]: ci-info: +-------+--------------+----------+---------------+-----------+-------+
         Starting LXD - unix socket.
[   44.414993] cloud-init[1071]: ci-info: +++++++++++++++++++Route IPv6 info+++++++++++++++++++
[[0;32m  OK  [0m] Listening on Socket activation for snappy daemon.
[[0;32m  OK  [0m] Listening on LXD - unix socket.
[   44.599251] cloud-init[1071]: ci-info: +-------+-------------+---------+-----------+-------+
[[0;32m  OK  [0m] Started iSCSI initiator daemon (iscsid).
[   44.882383] cloud-init[1071]: ci-info: | Route | Destination | Gateway | Interface | Flags |
[   45.100947] cloud-init[1071]: ci-info: +-------+-------------+---------+-----------+-------+
         Starting Login to default iSCSI targets...
[[0;32m  OK  [0m] Reached target Sockets.
[   45.235030] cloud-init[1071]: ci-info: |   0   |  fe80::/64  |    ::   |   enp0s8  |   U   |
[   45.448896] cloud-init[1071]: ci-info: |   1   |  fe80::/64  |    ::   |   enp0s3  |   U   |
[[0;32m  OK  [0m[   45.556247] cloud-init[1071]: ci-info: |   4   |   ff00::/8  |    ::   |   enp0s8  |   U   |
[   45.556304] cloud-init[1071]: ci-info: |   5   |   ff00::/8  |    ::   |   enp0s3  |   U   |
[   45.556352] cloud-init[1071]: ci-info: +-------+-------------+---------+-----------+-------+
] Reached target Basic System.
[[0;32m  OK  [0m] Started Regular background program processing daemon.
         Starting /etc/rc.local Compatibility...
         Starting Virtualbox guest utils...
         Starting Accounts Service...
         Starting LXD - container startup/shutdown...
[[0;32m  OK  [0m] Started ACPI event daemon.
[[0;32m  OK  [0m] Started FUSE filesystem for LXC.
         Starting LSB: MD monitoring daemon...
         Starting Snappy daemon...
[[0;32m  OK  [0m] Started Deferred execution scheduler.
         Starting LSB: Record successful boot for GRUB...
[[0;32m  OK  [0m] Started Unattended Upgrades Shutdown.
         Starting OpenBSD Secure Shell server...
[[0;32m  OK  [0m] Started D-Bus System Message Bus.
         Starting System Logging Service...
         Starting Login Service...
[[0;32m  OK  [0m] Started Snappy daemon.
[[0;32m  OK  [0m] Started System Logging Service.
[[0;32m  OK  [0m] Started /etc/rc.local Compatibility.
[[0;32m  OK  [0m] Started LXD - container startup/shutdown.
[[0;32m  OK  [0m] Started OpenBSD Secure Shell server.
[[0;32m  OK  [0m] Started Login to default iSCSI targets.
[[0;32m  OK  [0m] Started Virtualbox guest utils.
[[0;32m  OK  [0m] Started LSB: MD monitoring daemon.
[[0;32m  OK  [0m] Started LSB: Record successful boot for GRUB.
[[0;32m  OK  [0m] Started Login Service.
         Starting Authenticate and Authorize Users to Run Privileged Tasks...
[[0;32m  OK  [0m] Reached target Remote File Systems (Pre).
[[0;32m  OK  [0m] Reached target Remote File Systems.
         Starting LSB: Set the CPU Frequency Scaling governor to "ondemand"...
         Starting LSB: automatic crash report generation...
         Starting LSB: Apache2 web server...
         Starting LSB: Start and stop the mysql database server daemon...
         Starting LSB: daemon to balance interrupts for SMP systems...
         Starting Permit User Sessions...
         Starting Wait until snapd is fully seeded...
[[0;32m  OK  [0m] Started Permit User Sessions.
[[0;32m  OK  [0m] Started Wait until snapd is fully seeded.
[[0;32m  OK  [0m] Started Authenticate and Authorize Users to Run Privileged Tasks.
[[0;32m  OK  [0m] Started Accounts Service.
[[0;32m  OK  [0m] Started LSB: Set the CPU Frequency Scaling governor to "ondemand".
[[0;32m  OK  [0m] Started LSB: automatic crash report generation.
[[0;32m  OK  [0m] Started LSB: daemon to balance interrupts for SMP systems.
[[0;32m  OK  [0m] Created slice User Slice of vagrant.
         Starting User Manager for UID 1000...
[[0;32m  OK  [0m] Started Session 1 of user vagrant.
         Starting Apply the settings specified in cloud-config...
         Starting Hold until boot process finishes up...
         Starting Terminate Plymouth Boot Screen...
[[0;32m  OK  [0m] Started User Manager for UID 1000.
[[0;32m  OK  [0m] Started Hold until boot process finishes up.
[[0;32m  OK  [0m] Started Terminate Plymouth Boot Screen.
         Starting Set console scheme...
[[0;32m  OK  [0m] Started Serial Getty on ttyS0.
[[0;32m  OK  [0m] Started Getty on tty1.
[[0;32m  OK  [0m] Reached target Login Prompts.
[[0;32m  OK  [0m] Started Set console scheme.
[[0;32m  OK  [0m] Started LSB: Apache2 web server.
[[0;32m  OK  [0m] Started LSB: Start and stop the mysql database server daemon.
[[0;32m  OK  [0m] Reached target Multi-User System.
[[0;32m  OK  [0m] Reached target Graphical Interface.
         Starting Update UTMP about System Runlevel Changes...
[[0;32m  OK  [0m] Started Update UTMP about System Runlevel Changes.
[   51.139092] cloud-init[1478]: Cloud-init v. 18.4-0ubuntu1~16.04.2 running 'modules:config' at Sun, 06 Jan 2019 12:35:40 +0000. Up 50.70 seconds.
[[0;32m  OK  [0m] Started Apply the settings specified in cloud-config.
         Starting Execute cloud user/final scripts...
[   52.539332] cloud-init[1711]: Cloud-init v. 18.4-0ubuntu1~16.04.2 running 'modules:final' at Sun, 06 Jan 2019 12:35:41 +0000. Up 52.29 seconds.
[   52.688539] cloud-init[1711]: Cloud-init v. 18.4-0ubuntu1~16.04.2 finished at Sun, 06 Jan 2019 12:35:42 +0000. Datasource DataSourceNoCloud [seed=/dev/sdb][dsmode=net].  Up 52.52 seconds
[[0;32m  OK  [0m] Started Execute cloud user/final scripts.
[[0;32m  OK  [0m] Reached target Cloud-init target.

Ubuntu 16.04.5 LTS kouosl ttyS0

kouosl login: 